[0.000 0] 10000;
[0.051 1] 10001;
[0.102 2] 10002;
[0.153 3] 10003;
[0.204 4] 10004;
[0.255 5] 10005;
[0.306 6] 10006;
[0.357 7] 10007;
[0.407 8] 10008;
[0.457 9] 10009;
[0.508 10] 10010;
[0.559 11] 10011;
[0.610 12] 10012;
[0.660 13] 10013;
[0.711 14] 10014;
[0.762 15] 10015;
[0.813 16] 10016;
[0.864 17] 10017;
[0.914 18] 10018;
[0.965 19] 10019;
[1.016 20] 10020;
[1.066 21] 10021;
[1.116 22] 10022;
[1.167 23] 10023;
[1.218 24] 10024;
[1.269 25] 10025;
[1.320 26] 10026;
[1.371 27] 10027;
[1.422 28] 10028;
[1.473 29] 10029;
[1.524 30] 10030;
[1.575 31] 10031;
[1.626 32] 10032;
[1.676 33] 10033;
[1.727 34] 10034;
[1.778 35] 10035;
[1.829 36] 10036;
[1.880 37] 10037;
[1.931 38] 10038;
[1.982 39] 10039;
[2.033 40] 10040;
[2.084 41] 10041;
[2.135 42] 10042;
[2.186 43] 10043;
[2.237 44] 10044;
[2.287 45] 10045;
[2.338 46] 10046;
[2.388 47] 10047;
[2.438 48] 10048;
[2.489 49] 10049;
[2.540 50] 10050;
[2.591 51] 10051;
[2.642 52] 10052;
[2.693 53] 10053;
[2.744 54] 10054;
[2.795 55] 10055;
[2.846 56] 10056;
[2.897 57] 10057;
[2.948 58] 10058;
[2.999 59] 10059;
[3.050 60] 10060;
[3.101 61] 10061;
[3.152 62] 10062;
[3.203 63] 10063;
[3.254 64] 10064;
[3.305 65] 10065;
[3.355 66] 10066;
[3.406 67] 10067;
[3.457 68] 10068;
[3.508 69] 10069;
[3.559 70] 10070;
[3.609 71] 10071;
[3.660 72] 10072;
[3.711 73] 10073;
[3.762 74] 10074;
[3.813 75] 10075;
[3.864 76] 10076;
[3.915 77] 10077;
[3.965 78] 10078;
[4.016 79] 10079;
[4.066 80] 10080;
[4.117 81] 10081;
[4.168 82] 10082;
[4.219 83] 10083;
[4.270 84] 10084;
[4.321 85] 10085;
[4.372 86] 10086;
[4.422 87] 10087;
[4.473 88] 10088;
[4.524 89] 10089;
[4.574 90] 10090;
[4.625 91] 10091;
[4.676 92] 10092;
[4.727 93] 10093;
[4.778 94] 10094;
[4.829 95] 10095;
[4.879 96] 10096;
[4.930 97] 10097;
[4.980 98] 10098;
[5.031 99] 10099;
[5.082 100] 10100;
[5.132 101] 10101;
[5.183 102] 10102;
[5.233 103] 10103;
[5.284 104] 10104;
[5.335 105] 10105;
[5.385 106] 10106;
[5.436 107] 10107;
[5.487 108] 10108;
[5.538 109] 10109;
[5.589 110] 10110;
[5.640 111] 10111;
[5.691 112] 10112;
[5.741 113] 10113;
[5.792 114] 10114;
[5.843 115] 10115;
[5.893 116] 10116;
[5.943 117] 10117;
[5.994 118] 10118;
[6.044 119] 10119;
[6.094 120] 10120;
[6.145 121] 10121;
[6.195 122] 10122;
[6.246 123] 10123;
[6.296 124] 10124;
[6.347 125] 10125;
[6.398 126] 10126;
[6.448 127] 10127;
[6.499 128] 10128;
[6.550 129] 10129;
[6.601 130] 10130;
[6.652 131] 10131;
[6.703 132] 10132;
[6.754 133] 10133;
[6.805 134] 10134;
[6.855 135] 10135;
[6.906 136] 10136;
[6.957 137] 10137;
[7.008 138] 10138;
[7.059 139] 10139;
[7.110 140] 10140;
[7.160 141] 10141;
[7.211 142] 10142;
[7.262 143] 10143;
[7.313 144] 10144;
[7.364 145] 10145;
[7.414 146] 10146;
[7.464 147] 10147;
[7.515 148] 10148;
[7.566 149] 10149;
[7.617 150] 10150;
[7.668 151] 10151;
[7.719 152] 10152;
[7.770 153] 10153;
[7.821 154] 10154;
[7.871 155] 10155;
[7.922 156] 10156;
[7.973 157] 10157;
[8.024 158] 10158;
[8.075 159] 10159;
[8.126 160] 10160;
[8.177 161] 10161;
[8.228 162] 10162;
[8.279 163] 10163;
[8.330 164] 10164;
[8.381 165] 10165;
[8.432 166] 10166;
[8.483 167] 10167;
[8.534 168] 10168;
[8.585 169] 10169;
[8.636 170] 10170;
[8.687 171] 10171;
[8.738 172] 10172;
[8.788 173] 10173;
[8.839 174] 10174;
[8.890 175] 10175;
[8.941 176] 10176;
[8.992 177] 10177;
[9.042 178] 10178;
[9.093 179] 10179;
[9.144 180] 10180;
[9.195 181] 10181;
[9.245 182] 10182;
[9.296 183] 10183;
[9.347 184] 10184;
[9.398 185] 10185;
[9.448 186] 10186;
[9.498 187] 10187;
[9.549 188] 10188;
[9.599 189] 10189;
[9.650 190] 10190;
[9.701 191] 10191;
[9.752 192] 10192;
[9.803 193] 10193;
[9.854 194] 10194;
[9.905 195] 10195;
[9.956 196] 10196;
[10.007 197] 10197;
[10.057 198] 10198;
[10.108 199] 10199;
[10.159 200] 10200;
[10.210 201] 10201;
[10.260 202] 10202;
[10.311 203] 10203;
[10.362 204] 10204;
[10.413 205] 10205;
[10.464 206] 10206;
[10.515 207] 10207;
[10.565 208] 10208;
[10.616 209] 10209;
[10.667 210] 10210;
[10.718 211] 10211;
[10.768 212] 10212;
[10.819 213] 10213;
[10.870 214] 10214;
[10.921 215] 10215;
[10.972 216] 10216;
[11.023 217] 10217;
[11.074 218] 10218;
[11.125 219] 10219;
[11.176 220] 10220;
[11.227 221] 10221;
[11.278 222] 10222;
[11.329 223] 10223;
[11.380 224] 10224;
[11.431 225] 10225;
[11.482 226] 10226;
[11.533 227] 10227;
[11.584 228] 10228;
[11.635 229] 10229;
[11.686 230] 10230;
[11.737 231] 10231;
[11.788 232] 10232;
[11.838 233] 10233;
[11.889 234] 10234;
[11.940 235] 10235;
[11.991 236] 10236;
[12.042 237] 10237;
[12.093 238] 10238;
[12.144 239] 10239;
[12.195 240] 10240;
[12.245 241] 10241;
[12.296 242] 10242;
[12.347 243] 10243;
[12.398 244] 10244;
[12.449 245] 10245;
[12.500 246] 10246;
[12.551 247] 10247;
[12.602 248] 10248;
[12.653 249] 10249;
[12.703 250] 10250;
[12.753 251] 10251;
[12.804 252] 10252;
[12.854 253] 10253;
[12.905 254] 10254;
[12.955 255] 10255;
[13.006 256] 10256;
[13.057 257] 10257;
[13.108 258] 10258;
[13.159 259] 10259;
[13.209 260] 10260;
[13.259 261] 10261;
[13.310 262] 10262;
[13.361 263] 10263;
[13.411 264] 10264;
[13.462 265] 10265;
[13.513 266] 10266;
[13.564 267] 10267;
[13.614 268] 10268;
[13.665 269] 10269;
[13.716 270] 10270;
[13.767 271] 10271;
[13.818 272] 10272;
[13.869 273] 10273;
[13.920 274] 10274;
[13.971 275] 10275;
[14.022 276] 10276;
[14.073 277] 10277;
[14.123 278] 10278;
[14.173 279] 10279;
[14.223 280] 10280;
[14.274 281] 10281;
[14.325 282] 10282;
[14.376 283] 10283;
[14.427 284] 10284;
[14.478 285] 10285;
[14.529 286] 10286;
[14.580 287] 10287;
[14.630 288] 10288;
[14.681 289] 10289;
[14.731 290] 10290;
[14.782 291] 10291;
[14.833 292] 10292;
[14.884 293] 10293;
[14.935 294] 10294;
[14.986 295] 10295;
[15.037 296] 10296;
[15.088 297] 10297;
[15.139 298] 10298;
[15.190 299] 10299;
[15.241 300] 10300;
[15.292 301] 10301;
[15.343 302] 10302;
[15.394 303] 10303;
[15.444 304] 10304;
[15.495 305] 10305;
[15.546 306] 10306;
[15.597 307] 10307;
[15.647 308] 10308;
[15.698 309] 10309;
[15.749 310] 10310;
[15.800 311] 10311;
[15.851 312] 10312;
[15.901 313] 10313;
[15.952 314] 10314;
[16.003 315] 10315;
[16.054 316] 10316;
[16.105 317] 10317;
[16.156 318] 10318;
[16.207 319] 10319;
[16.258 320] 10320;
[16.309 321] 10321;
[16.359 322] 10322;
[16.409 323] 10323;
[16.460 324] 10324;
[16.511 325] 10325;
[16.562 326] 10326;
[16.613 327] 10327;
[16.664 328] 10328;
[16.715 329] 10329;
[16.766 330] 10330;
[16.817 331] 10331;
[16.868 332] 10332;
[16.919 333] 10333;
[16.970 334] 10334;
[17.021 335] 10335;
[17.072 336] 10336;
[17.123 337] 10337;
[17.174 338] 10338;
[17.225 339] 10339;
[17.276 340] 10340;
[17.327 341] 10341;
[17.377 342] 10342;
[17.428 343] 10343;
[17.478 344] 10344;
[17.529 345] 10345;
[17.580 346] 10346;
[17.631 347] 10347;
[17.682 348] 10348;
[17.733 349] 10349;
[17.783 350] 10350;
[17.833 351] 10351;
[17.883 352] 10352;
[17.934 353] 10353;
[17.985 354] 10354;
[18.036 355] 10355;
[18.087 356] 10356;
[18.138 357] 10357;
[18.189 358] 10358;
[18.240 359] 10359;
[18.290 360] 10360;
[18.340 361] 10361;
[18.391 362] 10362;
[18.442 363] 10363;
[18.493 364] 10364;
[18.544 365] 10365;
[18.595 366] 10366;
[18.645 367] 10367;
[18.696 368] 10368;
[18.747 369] 10369;
[18.798 370] 10370;
[18.849 371] 10371;
[18.900 372] 10372;
[18.951 373] 10373;
[19.002 374] 10374;
[19.053 375] 10375;
[19.104 376] 10376;
[19.155 377] 10377;
[19.206 378] 10378;
[19.256 379] 10379;
[19.307 380] 10380;
[19.358 381] 10381;
[19.408 382] 10382;
[19.459 383] 10383;
[19.510 384] 10384;
[19.560 385] 10385;
[19.611 386] 10386;
[19.662 387] 10387;
[19.712 388] 10388;
[19.763 389] 10389;
[19.814 390] 10390;
[19.865 391] 10391;
[19.916 392] 10392;
[19.967 393] 10393;
[20.018 394] 10394;
[20.069 395] 10395;
[20.120 396] 10396;
[20.171 397] 10397;
[20.222 398] 10398;
[20.273 399] 10399;
