[0.000 0] 10000;
[0.022 1] 10001;
[0.043 2] 10002;
[0.064 3] 10003;
[0.085 4] 10004;
[0.106 5] 10005;
[0.127 6] 10006;
[0.147 7] 10007;
[0.168 8] 10008;
[0.189 9] 10009;
[0.209 10] 10010;
[0.230 11] 10011;
[0.250 12] 10012;
[0.271 13] 10013;
[0.292 14] 10014;
[0.313 15] 10015;
[0.334 16] 10016;
[0.355 17] 10017;
[0.376 18] 10018;
[0.397 19] 10019;
[0.418 20] 10020;
[0.439 21] 10021;
[0.459 22] 10022;
[0.480 23] 10023;
[0.501 24] 10024;
[0.521 25] 10025;
[0.542 26] 10026;
[0.563 27] 10027;
[0.583 28] 10028;
[0.604 29] 10029;
[0.625 30] 10030;
[0.646 31] 10031;
[0.667 32] 10032;
[0.688 33] 10033;
[0.709 34] 10034;
[0.730 35] 10035;
[0.750 36] 10036;
[0.771 37] 10037;
[0.792 38] 10038;
[0.813 39] 10039;
[0.834 40] 10040;
[0.855 41] 10041;
[0.876 42] 10042;
[0.897 43] 10043;
[0.918 44] 10044;
[0.939 45] 10045;
[0.959 46] 10046;
[0.979 47] 10047;
[0.999 48] 10048;
[1.020 49] 10049;
[1.041 0] 10050;
[1.062 1] 10051;
[1.083 2] 10052;
[1.104 3] 10053;
[1.125 4] 10054;
[1.146 5] 10055;
[1.167 6] 10056;
[1.188 7] 10057;
[1.208 8] 10058;
[1.229 9] 10059;
[1.249 10] 10060;
[1.269 11] 10061;
[1.290 12] 10062;
[1.310 13] 10063;
[1.331 14] 10064;
[1.352 15] 10065;
[1.373 16] 10066;
[1.394 17] 10067;
[1.415 18] 10068;
[1.436 19] 10069;
[1.457 20] 10070;
[1.477 21] 10071;
[1.498 22] 10072;
[1.519 23] 10073;
[1.540 24] 10074;
[1.561 25] 10075;
[1.581 26] 10076;
[1.602 27] 10077;
[1.623 28] 10078;
[1.643 29] 10079;
[1.664 30] 10080;
[1.685 31] 10081;
[1.706 32] 10082;
[1.727 33] 10083;
[1.748 34] 10084;
[1.769 35] 10085;
[1.790 36] 10086;
[1.811 37] 10087;
[1.832 38] 10088;
[1.853 39] 10089;
[1.873 40] 10090;
[1.894 41] 10091;
[1.915 42] 10092;
[1.936 43] 10093;
[1.957 44] 10094;
[1.978 45] 10095;
[1.999 46] 10096;
[2.020 47] 10097;
[2.041 48] 10098;
[2.062 49] 10099;
[2.083 0] 10100;
[2.104 1] 10101;
[2.124 2] 10102;
[2.144 3] 10103;
[2.165 4] 10104;
[2.186 5] 10105;
[2.207 6] 10106;
[2.227 7] 10107;
[2.248 8] 10108;
[2.268 9] 10109;
[2.289 10] 10110;
[2.309 11] 10111;
[2.330 12] 10112;
[2.351 13] 10113;
[2.372 14] 10114;
[2.392 15] 10115;
[2.413 16] 10116;
[2.434 17] 10117;
[2.455 18] 10118;
[2.476 19] 10119;
[2.497 20] 10120;
[2.518 21] 10121;
[2.539 22] 10122;
[2.560 23] 10123;
[2.581 24] 10124;
[2.602 25] 10125;
[2.623 26] 10126;
[2.643 27] 10127;
[2.663 28] 10128;
[2.684 29] 10129;
[2.705 30] 10130;
[2.726 31] 10131;
[2.747 32] 10132;
[2.768 33] 10133;
[2.789 34] 10134;
[2.810 35] 10135;
[2.830 36] 10136;
[2.851 37] 10137;
[2.872 38] 10138;
[2.893 39] 10139;
[2.914 40] 10140;
[2.935 41] 10141;
[2.956 42] 10142;
[2.977 43] 10143;
[2.998 44] 10144;
[3.019 45] 10145;
[3.040 46] 10146;
[3.061 47] 10147;
[3.082 48] 10148;
[3.103 49] 10149;
[3.124 0] 10150;
[3.145 1] 10151;
[3.166 2] 10152;
[3.187 3] 10153;
[3.208 4] 10154;
[3.229 5] 10155;
[3.249 6] 10156;
[3.270 7] 10157;
[3.291 8] 10158;
[3.312 9] 10159;
[3.333 10] 10160;
[3.354 11] 10161;
[3.375 12] 10162;
[3.396 13] 10163;
[3.417 14] 10164;
[3.438 15] 10165;
[3.459 16] 10166;
[3.480 17] 10167;
[3.501 18] 10168;
[3.522 19] 10169;
[3.543 20] 10170;
[3.564 21] 10171;
[3.585 22] 10172;
[3.606 23] 10173;
[3.626 24] 10174;
[3.647 25] 10175;
[3.667 26] 10176;
[3.688 27] 10177;
[3.709 28] 10178;
[3.730 29] 10179;
[3.751 30] 10180;
[3.772 31] 10181;
[3.793 32] 10182;
[3.814 33] 10183;
[3.835 34] 10184;
[3.856 35] 10185;
[3.877 36] 10186;
[3.897 37] 10187;
[3.918 38] 10188;
[3.939 39] 10189;
[3.959 40] 10190;
[3.980 41] 10191;
[4.000 42] 10192;
[4.021 43] 10193;
[4.042 44] 10194;
[4.063 45] 10195;
[4.083 46] 10196;
[4.104 47] 10197;
[4.124 48] 10198;
[4.145 49] 10199;
[4.166 0] 10200;
[4.186 1] 10201;
[4.207 2] 10202;
[4.227 3] 10203;
[4.248 4] 10204;
[4.269 5] 10205;
[4.290 6] 10206;
[4.311 7] 10207;
[4.332 8] 10208;
[4.353 9] 10209;
[4.374 10] 10210;
[4.395 11] 10211;
[4.415 12] 10212;
[4.436 13] 10213;
[4.456 14] 10214;
[4.477 15] 10215;
[4.498 16] 10216;
[4.518 17] 10217;
[4.539 18] 10218;
[4.559 19] 10219;
[4.580 20] 10220;
[4.600 21] 10221;
[4.621 22] 10222;
[4.641 23] 10223;
[4.662 24] 10224;
[4.682 25] 10225;
[4.703 26] 10226;
[4.724 27] 10227;
[4.745 28] 10228;
[4.765 29] 10229;
[4.786 30] 10230;
[4.807 31] 10231;
[4.828 32] 10232;
[4.849 33] 10233;
[4.870 34] 10234;
[4.891 35] 10235;
[4.912 36] 10236;
[4.933 37] 10237;
[4.954 38] 10238;
[4.974 39] 10239;
[4.995 40] 10240;
[5.016 41] 10241;
[5.036 42] 10242;
[5.057 43] 10243;
[5.078 44] 10244;
[5.098 45] 10245;
[5.119 46] 10246;
[5.140 47] 10247;
[5.161 48] 10248;
[5.182 49] 10249;
[5.203 0] 10250;
[5.225 1] 10251;
[5.246 2] 10252;
[5.267 3] 10253;
[5.288 4] 10254;
[5.309 5] 10255;
[5.329 6] 10256;
[5.350 7] 10257;
[5.371 8] 10258;
[5.392 9] 10259;
[5.413 10] 10260;
[5.434 11] 10261;
[5.454 12] 10262;
[5.475 13] 10263;
[5.496 14] 10264;
[5.517 15] 10265;
[5.538 16] 10266;
[5.559 17] 10267;
[5.580 18] 10268;
[5.601 19] 10269;
[5.621 20] 10270;
[5.642 21] 10271;
[5.663 22] 10272;
[5.684 23] 10273;
[5.705 24] 10274;
[5.726 25] 10275;
[5.747 26] 10276;
[5.768 27] 10277;
[5.789 28] 10278;
[5.810 29] 10279;
[5.832 30] 10280;
[5.853 31] 10281;
[5.874 32] 10282;
[5.895 33] 10283;
[5.916 34] 10284;
[5.937 35] 10285;
[5.957 36] 10286;
[5.978 37] 10287;
[5.999 38] 10288;
[6.019 39] 10289;
[6.040 40] 10290;
[6.061 41] 10291;
[6.081 42] 10292;
[6.102 43] 10293;
[6.123 44] 10294;
[6.144 45] 10295;
[6.165 46] 10296;
[6.186 47] 10297;
[6.207 48] 10298;
[6.228 49] 10299;
[6.249 0] 10300;
[6.270 1] 10301;
[6.290 2] 10302;
[6.311 3] 10303;
[6.332 4] 10304;
[6.353 5] 10305;
[6.374 6] 10306;
[6.394 7] 10307;
[6.415 8] 10308;
[6.435 9] 10309;
[6.456 10] 10310;
[6.477 11] 10311;
[6.498 12] 10312;
[6.519 13] 10313;
[6.539 14] 10314;
[6.560 15] 10315;
[6.581 16] 10316;
[6.602 17] 10317;
[6.622 18] 10318;
[6.642 19] 10319;
[6.663 20] 10320;
[6.684 21] 10321;
[6.705 22] 10322;
[6.725 23] 10323;
[6.746 24] 10324;
[6.767 25] 10325;
[6.788 26] 10326;
[6.809 27] 10327;
[6.829 28] 10328;
[6.850 29] 10329;
[6.870 30] 10330;
[6.891 31] 10331;
[6.912 32] 10332;
[6.932 33] 10333;
[6.953 34] 10334;
[6.973 35] 10335;
[6.994 36] 10336;
[7.015 37] 10337;
[7.035 38] 10338;
[7.055 39] 10339;
[7.076 40] 10340;
[7.096 41] 10341;
[7.117 42] 10342;
[7.138 43] 10343;
[7.159 44] 10344;
[7.179 45] 10345;
[7.200 46] 10346;
[7.221 47] 10347;
[7.241 48] 10348;
[7.262 49] 10349;
[7.283 0] 10350;
[7.303 1] 10351;
[7.324 2] 10352;
[7.344 3] 10353;
[7.365 4] 10354;
[7.385 5] 10355;
[7.406 6] 10356;
[7.426 7] 10357;
[7.446 8] 10358;
[7.467 9] 10359;
[7.487 10] 10360;
[7.508 11] 10361;
[7.529 12] 10362;
[7.550 13] 10363;
[7.571 14] 10364;
[7.592 15] 10365;
[7.612 16] 10366;
[7.633 17] 10367;
[7.654 18] 10368;
[7.674 19] 10369;
[7.695 20] 10370;
[7.715 21] 10371;
[7.736 22] 10372;
[7.757 23] 10373;
[7.778 24] 10374;
[7.799 25] 10375;
[7.819 26] 10376;
[7.840 27] 10377;
[7.860 28] 10378;
[7.880 29] 10379;
[7.901 30] 10380;
[7.922 31] 10381;
[7.942 32] 10382;
[7.962 33] 10383;
[7.983 34] 10384;
[8.004 35] 10385;
[8.025 36] 10386;
[8.046 37] 10387;
[8.067 38] 10388;
[8.088 39] 10389;
[8.109 40] 10390;
[8.130 41] 10391;
[8.151 42] 10392;
[8.171 43] 10393;
[8.191 44] 10394;
[8.212 45] 10395;
[8.232 46] 10396;
[8.253 47] 10397;
[8.274 48] 10398;
[8.295 49] 10399;
[8.315 0] 10400;
[8.336 1] 10401;
[8.357 2] 10402;
[8.377 3] 10403;
[8.398 4] 10404;
[8.418 5] 10405;
[8.439 6] 10406;
[8.460 7] 10407;
[8.481 8] 10408;
[8.502 9] 10409;
[8.523 10] 10410;
[8.544 11] 10411;
[8.564 12] 10412;
[8.585 13] 10413;
[8.606 14] 10414;
[8.627 15] 10415;
[8.648 16] 10416;
[8.669 17] 10417;
[8.690 18] 10418;
[8.710 19] 10419;
[8.730 20] 10420;
[8.750 21] 10421;
[8.771 22] 10422;
[8.792 23] 10423;
[8.813 24] 10424;
[8.834 25] 10425;
[8.855 26] 10426;
[8.876 27] 10427;
[8.897 28] 10428;
[8.918 29] 10429;
[8.939 30] 10430;
[8.960 31] 10431;
[8.981 32] 10432;
[9.002 33] 10433;
[9.022 34] 10434;
[9.043 35] 10435;
[9.064 36] 10436;
[9.084 37] 10437;
[9.105 38] 10438;
[9.126 39] 10439;
[9.147 40] 10440;
[9.167 41] 10441;
[9.188 42] 10442;
[9.208 43] 10443;
[9.228 44] 10444;
[9.249 45] 10445;
[9.270 46] 10446;
[9.291 47] 10447;
[9.311 48] 10448;
[9.332 49] 10449;
[9.353 0] 10450;
[9.373 1] 10451;
[9.394 2] 10452;
[9.415 3] 10453;
[9.435 4] 10454;
[9.455 5] 10455;
[9.476 6] 10456;
[9.497 7] 10457;
[9.518 8] 10458;
[9.538 9] 10459;
[9.559 10] 10460;
[9.580 11] 10461;
[9.600 12] 10462;
[9.621 13] 10463;
[9.642 14] 10464;
[9.662 15] 10465;
[9.683 16] 10466;
[9.703 17] 10467;
[9.724 18] 10468;
[9.744 19] 10469;
[9.765 20] 10470;
[9.786 21] 10471;
[9.807 22] 10472;
[9.828 23] 10473;
[9.849 24] 10474;
[9.870 25] 10475;
[9.891 26] 10476;
[9.911 27] 10477;
[9.931 28] 10478;
[9.951 29] 10479;
[9.971 30] 10480;
[9.991 31] 10481;
[10.012 32] 10482;
[10.033 33] 10483;
[10.053 34] 10484;
[10.074 35] 10485;
[10.095 36] 10486;
[10.115 37] 10487;
[10.136 38] 10488;
[10.157 39] 10489;
[10.178 40] 10490;
[10.199 41] 10491;
[10.220 42] 10492;
[10.241 43] 10493;
[10.262 44] 10494;
[10.282 45] 10495;
[10.303 46] 10496;
[10.324 47] 10497;
[10.345 48] 10498;
[10.366 49] 10499;
[10.387 0] 10500;
[10.408 1] 10501;
[10.428 2] 10502;
[10.449 3] 10503;
[10.470 4] 10504;
[10.490 5] 10505;
[10.510 6] 10506;
[10.531 7] 10507;
[10.552 8] 10508;
[10.572 9] 10509;
[10.592 10] 10510;
[10.613 11] 10511;
[10.634 12] 10512;
[10.655 13] 10513;
[10.675 14] 10514;
[10.696 15] 10515;
[10.717 16] 10516;
[10.738 17] 10517;
[10.759 18] 10518;
[10.779 19] 10519;
[10.800 20] 10520;
[10.820 21] 10521;
[10.841 22] 10522;
[10.861 23] 10523;
[10.882 24] 10524;
[10.903 25] 10525;
[10.924 26] 10526;
[10.945 27] 10527;
[10.966 28] 10528;
[10.986 29] 10529;
[11.007 30] 10530;
[11.028 31] 10531;
[11.049 32] 10532;
[11.069 33] 10533;
[11.090 34] 10534;
[11.110 35] 10535;
[11.131 36] 10536;
[11.151 37] 10537;
[11.172 38] 10538;
[11.193 39] 10539;
[11.214 40] 10540;
[11.235 41] 10541;
[11.256 42] 10542;
[11.277 43] 10543;
[11.298 44] 10544;
[11.319 45] 10545;
[11.340 46] 10546;
[11.361 47] 10547;
[11.381 48] 10548;
[11.402 49] 10549;
[11.422 0] 10550;
[11.443 1] 10551;
[11.464 2] 10552;
[11.485 3] 10553;
[11.506 4] 10554;
[11.527 5] 10555;
[11.547 6] 10556;
[11.568 7] 10557;
[11.589 8] 10558;
[11.610 9] 10559;
[11.631 10] 10560;
[11.652 11] 10561;
[11.672 12] 10562;
[11.693 13] 10563;
[11.714 14] 10564;
[11.735 15] 10565;
[11.756 16] 10566;
[11.777 17] 10567;
[11.798 18] 10568;
[11.819 19] 10569;
[11.840 20] 10570;
[11.861 21] 10571;
[11.881 22] 10572;
[11.901 23] 10573;
[11.922 24] 10574;
[11.942 25] 10575;
[11.962 26] 10576;
[11.983 27] 10577;
[12.004 28] 10578;
[12.025 29] 10579;
[12.046 30] 10580;
[12.067 31] 10581;
[12.088 32] 10582;
[12.108 33] 10583;
[12.129 34] 10584;
[12.149 35] 10585;
[12.170 36] 10586;
[12.191 37] 10587;
[12.212 38] 10588;
[12.233 39] 10589;
[12.254 40] 10590;
[12.274 41] 10591;
[12.295 42] 10592;
[12.316 43] 10593;
[12.336 44] 10594;
[12.357 45] 10595;
[12.377 46] 10596;
[12.398 47] 10597;
[12.419 48] 10598;
[12.439 49] 10599;
[12.460 0] 10600;
[12.480 1] 10601;
[12.501 2] 10602;
[12.522 3] 10603;
[12.543 4] 10604;
[12.564 5] 10605;
[12.585 6] 10606;
[12.606 7] 10607;
[12.627 8] 10608;
[12.648 9] 10609;
[12.668 10] 10610;
[12.689 11] 10611;
[12.709 12] 10612;
[12.730 13] 10613;
[12.750 14] 10614;
[12.771 15] 10615;
[12.791 16] 10616;
[12.812 17] 10617;
[12.833 18] 10618;
[12.854 19] 10619;
[12.874 20] 10620;
[12.894 21] 10621;
[12.915 22] 10622;
[12.936 23] 10623;
[12.956 24] 10624;
[12.977 25] 10625;
[12.998 26] 10626;
[13.019 27] 10627;
[13.039 28] 10628;
[13.059 29] 10629;
[13.079 30] 10630;
[13.099 31] 10631;
[13.119 32] 10632;
[13.140 33] 10633;
[13.160 34] 10634;
[13.181 35] 10635;
[13.202 36] 10636;
[13.223 37] 10637;
[13.244 38] 10638;
[13.265 39] 10639;
[13.286 40] 10640;
[13.307 41] 10641;
[13.328 42] 10642;
[13.349 43] 10643;
[13.370 44] 10644;
[13.390 45] 10645;
[13.411 46] 10646;
[13.432 47] 10647;
[13.452 48] 10648;
[13.473 49] 10649;
[13.493 0] 10650;
[13.514 1] 10651;
[13.535 2] 10652;
[13.555 3] 10653;
[13.576 4] 10654;
[13.596 5] 10655;
[13.617 6] 10656;
[13.638 7] 10657;
[13.659 8] 10658;
[13.679 9] 10659;
[13.700 10] 10660;
[13.720 11] 10661;
[13.741 12] 10662;
[13.762 13] 10663;
[13.782 14] 10664;
[13.803 15] 10665;
[13.823 16] 10666;
[13.844 17] 10667;
[13.865 18] 10668;
[13.886 19] 10669;
[13.907 20] 10670;
[13.928 21] 10671;
[13.948 22] 10672;
[13.969 23] 10673;
[13.990 24] 10674;
[14.010 25] 10675;
[14.031 26] 10676;
[14.052 27] 10677;
[14.072 28] 10678;
[14.093 29] 10679;
[14.114 30] 10680;
[14.135 31] 10681;
[14.155 32] 10682;
[14.176 33] 10683;
[14.197 34] 10684;
[14.218 35] 10685;
[14.239 36] 10686;
[14.260 37] 10687;
[14.281 38] 10688;
[14.302 39] 10689;
[14.323 40] 10690;
[14.344 41] 10691;
[14.365 42] 10692;
[14.385 43] 10693;
[14.406 44] 10694;
[14.426 45] 10695;
[14.447 46] 10696;
[14.468 47] 10697;
[14.488 48] 10698;
[14.509 49] 10699;
[14.530 0] 10700;
[14.551 1] 10701;
[14.572 2] 10702;
[14.592 3] 10703;
[14.612 4] 10704;
[14.633 5] 10705;
[14.653 6] 10706;
[14.673 7] 10707;
[14.694 8] 10708;
[14.715 9] 10709;
[14.736 10] 10710;
[14.757 11] 10711;
[14.778 12] 10712;
[14.799 13] 10713;
[14.820 14] 10714;
[14.841 15] 10715;
[14.862 16] 10716;
[14.883 17] 10717;
[14.903 18] 10718;
[14.924 19] 10719;
[14.945 20] 10720;
[14.965 21] 10721;
[14.986 22] 10722;
[15.007 23] 10723;
[15.027 24] 10724;
[15.048 25] 10725;
[15.069 26] 10726;
[15.090 27] 10727;
[15.111 28] 10728;
[15.132 29] 10729;
[15.153 30] 10730;
[15.173 31] 10731;
[15.194 32] 10732;
[15.215 33] 10733;
[15.236 34] 10734;
[15.257 35] 10735;
[15.277 36] 10736;
[15.298 37] 10737;
[15.318 38] 10738;
[15.338 39] 10739;
[15.359 40] 10740;
[15.380 41] 10741;
[15.401 42] 10742;
[15.422 43] 10743;
[15.443 44] 10744;
[15.463 45] 10745;
[15.484 46] 10746;
[15.504 47] 10747;
[15.525 48] 10748;
[15.546 49] 10749;
[15.566 0] 10750;
[15.587 1] 10751;
[15.608 2] 10752;
[15.629 3] 10753;
[15.649 4] 10754;
[15.670 5] 10755;
[15.691 6] 10756;
[15.712 7] 10757;
[15.733 8] 10758;
[15.753 9] 10759;
[15.774 10] 10760;
[15.795 11] 10761;
[15.815 12] 10762;
[15.836 13] 10763;
[15.857 14] 10764;
[15.877 15] 10765;
[15.898 16] 10766;
[15.919 17] 10767;
[15.940 18] 10768;
[15.961 19] 10769;
[15.982 20] 10770;
[16.002 21] 10771;
[16.023 22] 10772;
[16.044 23] 10773;
[16.065 24] 10774;
[16.086 25] 10775;
[16.107 26] 10776;
[16.128 27] 10777;
[16.148 28] 10778;
[16.169 29] 10779;
[16.190 30] 10780;
[16.211 31] 10781;
[16.232 32] 10782;
[16.253 33] 10783;
[16.274 34] 10784;
[16.295 35] 10785;
[16.315 36] 10786;
[16.335 37] 10787;
[16.356 38] 10788;
[16.377 39] 10789;
[16.398 40] 10790;
[16.419 41] 10791;
[16.442 42] 10792;
[16.462 43] 10793;
[16.483 44] 10794;
[16.504 45] 10795;
[16.525 46] 10796;
[16.546 47] 10797;
[16.567 48] 10798;
[16.588 49] 10799;
[16.609 0] 10800;
[16.629 1] 10801;
[16.650 2] 10802;
[16.671 3] 10803;
[16.692 4] 10804;
[16.713 5] 10805;
[16.733 6] 10806;
[16.754 7] 10807;
[16.775 8] 10808;
[16.796 9] 10809;
[16.817 10] 10810;
[16.838 11] 10811;
[16.859 12] 10812;
[16.880 13] 10813;
[16.901 14] 10814;
[16.921 15] 10815;
[16.942 16] 10816;
[16.962 17] 10817;
[16.983 18] 10818;
[17.003 19] 10819;
[17.024 20] 10820;
[17.045 21] 10821;
[17.065 22] 10822;
[17.086 23] 10823;
[17.107 24] 10824;
[17.128 25] 10825;
[17.148 26] 10826;
[17.169 27] 10827;
[17.190 28] 10828;
[17.210 29] 10829;
[17.231 30] 10830;
[17.252 31] 10831;
[17.273 32] 10832;
[17.294 33] 10833;
[17.315 34] 10834;
[17.335 35] 10835;
[17.356 36] 10836;
[17.376 37] 10837;
[17.396 38] 10838;
[17.417 39] 10839;
[17.438 40] 10840;
[17.459 41] 10841;
[17.480 42] 10842;
[17.500 43] 10843;
[17.521 44] 10844;
[17.542 45] 10845;
[17.563 46] 10846;
[17.583 47] 10847;
[17.603 48] 10848;
[17.623 49] 10849;
[17.643 0] 10850;
[17.664 1] 10851;
[17.685 2] 10852;
[17.706 3] 10853;
[17.727 4] 10854;
[17.748 5] 10855;
[17.769 6] 10856;
[17.790 7] 10857;
[17.811 8] 10858;
[17.832 9] 10859;
[17.853 10] 10860;
[17.874 11] 10861;
[17.894 12] 10862;
[17.915 13] 10863;
[17.936 14] 10864;
[17.957 15] 10865;
[17.978 16] 10866;
[17.998 17] 10867;
[18.019 18] 10868;
[18.040 19] 10869;
[18.061 20] 10870;
[18.081 21] 10871;
[18.102 22] 10872;
[18.123 23] 10873;
[18.144 24] 10874;
[18.165 25] 10875;
[18.186 26] 10876;
[18.207 27] 10877;
[18.228 28] 10878;
[18.248 29] 10879;
[18.269 30] 10880;
[18.289 31] 10881;
[18.310 32] 10882;
[18.331 33] 10883;
[18.352 34] 10884;
[18.373 35] 10885;
[18.394 36] 10886;
[18.415 37] 10887;
[18.436 38] 10888;
[18.456 39] 10889;
[18.477 40] 10890;
[18.497 41] 10891;
[18.518 42] 10892;
[18.539 43] 10893;
[18.560 44] 10894;
[18.581 45] 10895;
[18.602 46] 10896;
[18.622 47] 10897;
[18.642 48] 10898;
[18.663 49] 10899;
[18.683 0] 10900;
[18.704 1] 10901;
[18.724 2] 10902;
[18.745 3] 10903;
[18.766 4] 10904;
[18.787 5] 10905;
[18.808 6] 10906;
[18.828 7] 10907;
[18.849 8] 10908;
[18.870 9] 10909;
[18.891 10] 10910;
[18.912 11] 10911;
[18.933 12] 10912;
[18.953 13] 10913;
[18.974 14] 10914;
[18.995 15] 10915;
[19.015 16] 10916;
[19.036 17] 10917;
[19.057 18] 10918;
[19.078 19] 10919;
[19.098 20] 10920;
[19.119 21] 10921;
[19.140 22] 10922;
[19.161 23] 10923;
[19.182 24] 10924;
[19.203 25] 10925;
[19.224 26] 10926;
[19.245 27] 10927;
[19.266 28] 10928;
[19.287 29] 10929;
[19.308 30] 10930;
[19.329 31] 10931;
[19.350 32] 10932;
[19.371 33] 10933;
[19.392 34] 10934;
[19.413 35] 10935;
[19.433 36] 10936;
[19.457 37] 10937;
[19.478 38] 10938;
[19.499 39] 10939;
[19.520 40] 10940;
[19.541 41] 10941;
[19.562 42] 10942;
[19.582 43] 10943;
[19.603 44] 10944;
[19.623 45] 10945;
[19.644 46] 10946;
[19.665 47] 10947;
[19.685 48] 10948;
[19.706 49] 10949;
[19.727 0] 10950;
[19.747 1] 10951;
[19.768 2] 10952;
[19.789 3] 10953;
[19.810 4] 10954;
[19.831 5] 10955;
[19.852 6] 10956;
[19.873 7] 10957;
[19.894 8] 10958;
[19.915 9] 10959;
[19.935 10] 10960;
[19.956 11] 10961;
[19.977 12] 10962;
[19.998 13] 10963;
[20.019 14] 10964;
[20.039 15] 10965;
[20.060 16] 10966;
[20.080 17] 10967;
[20.100 18] 10968;
[20.121 19] 10969;
[20.142 20] 10970;
[20.163 21] 10971;
[20.183 22] 10972;
[20.204 23] 10973;
[20.224 24] 10974;
[20.245 25] 10975;
[20.265 26] 10976;
[20.285 27] 10977;
[20.305 28] 10978;
[20.325 29] 10979;
[20.346 30] 10980;
[20.367 31] 10981;
[20.388 32] 10982;
[20.408 33] 10983;
[20.429 34] 10984;
[20.449 35] 10985;
[20.470 36] 10986;
[20.490 37] 10987;
[20.511 38] 10988;
[20.532 39] 10989;
[20.553 40] 10990;
[20.573 41] 10991;
[20.594 42] 10992;
[20.614 43] 10993;
[20.635 44] 10994;
[20.655 45] 10995;
[20.676 46] 10996;
[20.697 47] 10997;
[20.718 48] 10998;
[20.739 49] 10999;
[20.760 0] 11000;
