[0.000 0] 10000;
[0.051 1] 10001;
[0.102 2] 10002;
[0.152 3] 10003;
[0.202 4] 10004;
[0.253 5] 10005;
[0.304 6] 10006;
[0.355 7] 10007;
[0.406 8] 10008;
[0.457 9] 10009;
[0.508 10] 10010;
[0.559 11] 10011;
[0.610 12] 10012;
[0.661 13] 10013;
[0.712 14] 10014;
[0.763 15] 10015;
[0.814 16] 10016;
[0.865 17] 10017;
[0.916 18] 10018;
[0.966 19] 10019;
[1.017 0] 10020;
[1.068 1] 10021;
[1.119 2] 10022;
[1.169 3] 10023;
[1.220 4] 10024;
[1.270 5] 10025;
[1.321 6] 10026;
[1.371 7] 10027;
[1.421 8] 10028;
[1.472 9] 10029;
[1.523 10] 10030;
[1.573 11] 10031;
[1.624 12] 10032;
[1.676 13] 10033;
[1.728 14] 10034;
[1.779 15] 10035;
[1.830 16] 10036;
[1.881 17] 10037;
[1.932 18] 10038;
[1.983 19] 10039;
[2.034 0] 10040;
[2.085 1] 10041;
[2.136 2] 10042;
[2.186 3] 10043;
[2.237 4] 10044;
[2.288 5] 10045;
[2.339 6] 10046;
[2.390 7] 10047;
[2.441 8] 10048;
[2.492 9] 10049;
[2.543 10] 10050;
[2.593 11] 10051;
[2.644 12] 10052;
[2.694 13] 10053;
[2.745 14] 10054;
[2.796 15] 10055;
[2.847 16] 10056;
[2.898 17] 10057;
[2.949 18] 10058;
[3.000 19] 10059;
[3.051 0] 10060;
[3.101 1] 10061;
[3.151 2] 10062;
[3.202 3] 10063;
[3.253 4] 10064;
[3.304 5] 10065;
[3.355 6] 10066;
[3.406 7] 10067;
[3.457 8] 10068;
[3.508 9] 10069;
[3.559 10] 10070;
[3.610 11] 10071;
[3.661 12] 10072;
[3.712 13] 10073;
[3.763 14] 10074;
[3.814 15] 10075;
[3.865 16] 10076;
[3.916 17] 10077;
[3.967 18] 10078;
[4.017 19] 10079;
[4.068 0] 10080;
[4.119 1] 10081;
[4.170 2] 10082;
[4.221 3] 10083;
[4.271 4] 10084;
[4.322 5] 10085;
[4.373 6] 10086;
[4.424 7] 10087;
[4.475 8] 10088;
[4.526 9] 10089;
[4.576 10] 10090;
[4.627 11] 10091;
[4.678 12] 10092;
[4.729 13] 10093;
[4.780 14] 10094;
[4.831 15] 10095;
[4.882 16] 10096;
[4.933 17] 10097;
[4.984 18] 10098;
[5.034 19] 10099;
[5.085 0] 10100;
[5.136 1] 10101;
[5.186 2] 10102;
[5.237 3] 10103;
[5.288 4] 10104;
[5.339 5] 10105;
[5.390 6] 10106;
[5.441 7] 10107;
[5.492 8] 10108;
[5.543 9] 10109;
[5.594 10] 10110;
[5.645 11] 10111;
[5.695 12] 10112;
[5.746 13] 10113;
[5.797 14] 10114;
[5.848 15] 10115;
[5.899 16] 10116;
[5.950 17] 10117;
[6.001 18] 10118;
[6.052 19] 10119;
[6.103 0] 10120;
[6.154 1] 10121;
[6.205 2] 10122;
[6.256 3] 10123;
[6.307 4] 10124;
[6.358 5] 10125;
[6.409 6] 10126;
[6.460 7] 10127;
[6.510 8] 10128;
[6.561 9] 10129;
[6.612 10] 10130;
[6.663 11] 10131;
[6.714 12] 10132;
[6.765 13] 10133;
[6.815 14] 10134;
[6.866 15] 10135;
[6.917 16] 10136;
[6.968 17] 10137;
[7.019 18] 10138;
[7.070 19] 10139;
[7.121 0] 10140;
[7.172 1] 10141;
[7.223 2] 10142;
[7.274 3] 10143;
[7.325 4] 10144;
[7.376 5] 10145;
[7.427 6] 10146;
[7.477 7] 10147;
[7.528 8] 10148;
[7.579 9] 10149;
[7.630 10] 10150;
[7.680 11] 10151;
[7.731 12] 10152;
[7.784 13] 10153;
[7.835 14] 10154;
[7.885 15] 10155;
[7.935 16] 10156;
[7.985 17] 10157;
[8.036 18] 10158;
[8.086 19] 10159;
[8.137 0] 10160;
[8.188 1] 10161;
[8.239 2] 10162;
[8.290 3] 10163;
[8.341 4] 10164;
[8.392 5] 10165;
[8.443 6] 10166;
[8.494 7] 10167;
[8.544 8] 10168;
[8.595 9] 10169;
[8.646 10] 10170;
[8.697 11] 10171;
[8.748 12] 10172;
[8.799 13] 10173;
[8.850 14] 10174;
[8.901 15] 10175;
[8.952 16] 10176;
[9.003 17] 10177;
[9.054 18] 10178;
[9.105 19] 10179;
[9.156 0] 10180;
[9.207 1] 10181;
[9.258 2] 10182;
[9.309 3] 10183;
[9.360 4] 10184;
[9.411 5] 10185;
[9.462 6] 10186;
[9.513 7] 10187;
[9.564 8] 10188;
[9.615 9] 10189;
[9.666 10] 10190;
[9.717 11] 10191;
[9.768 12] 10192;
[9.818 13] 10193;
[9.869 14] 10194;
[9.919 15] 10195;
[9.970 16] 10196;
[10.021 17] 10197;
[10.072 18] 10198;
[10.123 19] 10199;
[10.174 0] 10200;
[10.225 1] 10201;
[10.276 2] 10202;
[10.327 3] 10203;
[10.378 4] 10204;
[10.429 5] 10205;
[10.480 6] 10206;
[10.531 7] 10207;
[10.582 8] 10208;
[10.633 9] 10209;
[10.684 10] 10210;
[10.735 11] 10211;
[10.785 12] 10212;
[10.835 13] 10213;
[10.886 14] 10214;
[10.937 15] 10215;
[10.988 16] 10216;
[11.039 17] 10217;
[11.090 18] 10218;
[11.141 19] 10219;
[11.192 0] 10220;
[11.243 1] 10221;
[11.294 2] 10222;
[11.345 3] 10223;
[11.396 4] 10224;
[11.447 5] 10225;
[11.498 6] 10226;
[11.549 7] 10227;
[11.600 8] 10228;
[11.651 9] 10229;
[11.701 10] 10230;
[11.752 11] 10231;
[11.802 12] 10232;
[11.853 13] 10233;
[11.904 14] 10234;
[11.955 15] 10235;
[12.005 16] 10236;
[12.056 17] 10237;
[12.107 18] 10238;
[12.158 19] 10239;
[12.209 0] 10240;
[12.259 1] 10241;
[12.310 2] 10242;
[12.361 3] 10243;
[12.412 4] 10244;
[12.463 5] 10245;
[12.514 6] 10246;
[12.565 7] 10247;
[12.616 8] 10248;
[12.667 9] 10249;
[12.718 10] 10250;
[12.769 11] 10251;
[12.819 12] 10252;
[12.870 13] 10253;
[12.921 14] 10254;
[12.972 15] 10255;
[13.023 16] 10256;
[13.074 17] 10257;
[13.125 18] 10258;
[13.176 19] 10259;
[13.227 0] 10260;
[13.278 1] 10261;
[13.329 2] 10262;
[13.380 3] 10263;
[13.431 4] 10264;
[13.482 5] 10265;
[13.533 6] 10266;
[13.584 7] 10267;
[13.635 8] 10268;
[13.686 9] 10269;
[13.737 10] 10270;
[13.788 11] 10271;
[13.839 12] 10272;
[13.890 13] 10273;
[13.940 14] 10274;
[13.991 15] 10275;
[14.042 16] 10276;
[14.093 17] 10277;
[14.144 18] 10278;
[14.195 19] 10279;
[14.246 0] 10280;
[14.297 1] 10281;
[14.348 2] 10282;
[14.399 3] 10283;
[14.450 4] 10284;
[14.501 5] 10285;
[14.552 6] 10286;
[14.603 7] 10287;
[14.653 8] 10288;
[14.704 9] 10289;
[14.754 10] 10290;
[14.805 11] 10291;
[14.856 12] 10292;
[14.907 13] 10293;
[14.958 14] 10294;
[15.008 15] 10295;
[15.059 16] 10296;
[15.110 17] 10297;
[15.161 18] 10298;
[15.212 19] 10299;
[15.263 0] 10300;
[15.314 1] 10301;
[15.365 2] 10302;
[15.416 3] 10303;
[15.467 4] 10304;
[15.518 5] 10305;
[15.569 6] 10306;
[15.620 7] 10307;
[15.671 8] 10308;
[15.722 9] 10309;
[15.773 10] 10310;
[15.824 11] 10311;
[15.875 12] 10312;
[15.926 13] 10313;
[15.977 14] 10314;
[16.027 15] 10315;
[16.078 16] 10316;
[16.129 17] 10317;
[16.180 18] 10318;
[16.231 19] 10319;
[16.282 0] 10320;
[16.333 1] 10321;
[16.384 2] 10322;
[16.435 3] 10323;
[16.486 4] 10324;
[16.537 5] 10325;
[16.588 6] 10326;
[16.639 7] 10327;
[16.690 8] 10328;
[16.741 9] 10329;
[16.792 10] 10330;
[16.843 11] 10331;
[16.893 12] 10332;
[16.944 13] 10333;
[16.994 14] 10334;
[17.045 15] 10335;
[17.096 16] 10336;
[17.147 17] 10337;
[17.197 18] 10338;
[17.248 19] 10339;
[17.299 0] 10340;
[17.350 1] 10341;
[17.400 2] 10342;
[17.451 3] 10343;
[17.502 4] 10344;
[17.553 5] 10345;
[17.604 6] 10346;
[17.655 7] 10347;
[17.706 8] 10348;
[17.757 9] 10349;
[17.808 10] 10350;
[17.858 11] 10351;
[17.909 12] 10352;
[17.960 13] 10353;
[18.011 14] 10354;
[18.062 15] 10355;
[18.113 16] 10356;
[18.164 17] 10357;
[18.215 18] 10358;
[18.266 19] 10359;
[18.317 0] 10360;
[18.368 1] 10361;
[18.419 2] 10362;
[18.470 3] 10363;
[18.521 4] 10364;
[18.572 5] 10365;
[18.623 6] 10366;
[18.673 7] 10367;
[18.724 8] 10368;
[18.775 9] 10369;
[18.826 10] 10370;
[18.877 11] 10371;
[18.928 12] 10372;
[18.979 13] 10373;
[19.030 14] 10374;
[19.081 15] 10375;
[19.132 16] 10376;
[19.183 17] 10377;
[19.234 18] 10378;
[19.285 19] 10379;
[19.336 0] 10380;
[19.387 1] 10381;
[19.438 2] 10382;
[19.489 3] 10383;
[19.540 4] 10384;
[19.591 5] 10385;
[19.642 6] 10386;
[19.693 7] 10387;
[19.743 8] 10388;
[19.793 9] 10389;
[19.844 10] 10390;
[19.894 11] 10391;
[19.944 12] 10392;
[19.995 13] 10393;
